This is pdfTeX, Version 3.14159265-2.6-1.40.17 (TeX Live 2016/Arch Linux) (preloaded format=pdflatex 2017.4.17)  4 MAY 2017 11:30
entering extended mode
 restricted \write18 enabled.
 %&-line parsing enabled.
**moberg_c_406.tex
(./moberg_c_406.tex
LaTeX2e <2016/03/31> patch level 3
Babel <3.9r> and hyphenation patterns for 83 language(s) loaded.
(/usr/share/texmf-dist/tex/latex/base/article.cls
Document Class: article 2014/09/29 v1.4h Standard LaTeX document class
(/usr/share/texmf-dist/tex/latex/base/size11.clo
File: size11.clo 2014/09/29 v1.4h Standard LaTeX file (size option)
)
\c@part=\count79
\c@section=\count80
\c@subsection=\count81
\c@subsubsection=\count82
\c@paragraph=\count83
\c@subparagraph=\count84
\c@figure=\count85
\c@table=\count86
\abovecaptionskip=\skip41
\belowcaptionskip=\skip42
\bibindent=\dimen102
)
(/usr/share/texmf-dist/tex/latex/geometry/geometry.sty
Package: geometry 2010/09/12 v5.6 Page Geometry

(/usr/share/texmf-dist/tex/latex/graphics/keyval.sty
Package: keyval 2014/10/28 v1.15 key=value parser (DPC)
\KV@toks@=\toks14
)
(/usr/share/texmf-dist/tex/generic/oberdiek/ifpdf.sty
Package: ifpdf 2017/03/15 v3.2 Provides the ifpdf switch
)
(/usr/share/texmf-dist/tex/generic/oberdiek/ifvtex.sty
Package: ifvtex 2016/05/16 v1.6 Detect VTeX and its facilities (HO)
Package ifvtex Info: VTeX not detected.
)
(/usr/share/texmf-dist/tex/generic/ifxetex/ifxetex.sty
Package: ifxetex 2010/09/12 v0.6 Provides ifxetex conditional
)
\Gm@cnth=\count87
\Gm@cntv=\count88
\c@Gm@tempcnt=\count89
\Gm@bindingoffset=\dimen103
\Gm@wd@mp=\dimen104
\Gm@odd@mp=\dimen105
\Gm@even@mp=\dimen106
\Gm@layoutwidth=\dimen107
\Gm@layoutheight=\dimen108
\Gm@layouthoffset=\dimen109
\Gm@layoutvoffset=\dimen110
\Gm@dimlist=\toks15
)
(/usr/share/texmf-dist/tex/latex/mathtools/mathtools.sty
Package: mathtools 2015/11/12 v1.18 mathematical typesetting tools

(/usr/share/texmf-dist/tex/latex/tools/calc.sty
Package: calc 2014/10/28 v4.3 Infix arithmetic (KKT,FJ)
\calc@Acount=\count90
\calc@Bcount=\count91
\calc@Adimen=\dimen111
\calc@Bdimen=\dimen112
\calc@Askip=\skip43
\calc@Bskip=\skip44
LaTeX Info: Redefining \setlength on input line 80.
LaTeX Info: Redefining \addtolength on input line 81.
\calc@Ccount=\count92
\calc@Cskip=\skip45
)
(/usr/share/texmf-dist/tex/latex/mathtools/mhsetup.sty
Package: mhsetup 2010/01/21 v1.2a programming setup (MH)
)
(/usr/share/texmf-dist/tex/latex/amsmath/amsmath.sty
Package: amsmath 2016/11/05 v2.16a AMS math features
\@mathmargin=\skip46

For additional information on amsmath, use the `?' option.
(/usr/share/texmf-dist/tex/latex/amsmath/amstext.sty
Package: amstext 2000/06/29 v2.01 AMS text

(/usr/share/texmf-dist/tex/latex/amsmath/amsgen.sty
File: amsgen.sty 1999/11/30 v2.0 generic functions
\@emptytoks=\toks16
\ex@=\dimen113
))
(/usr/share/texmf-dist/tex/latex/amsmath/amsbsy.sty
Package: amsbsy 1999/11/29 v1.2d Bold Symbols
\pmbraise@=\dimen114
)
(/usr/share/texmf-dist/tex/latex/amsmath/amsopn.sty
Package: amsopn 2016/03/08 v2.02 operator names
)
\inf@bad=\count93
LaTeX Info: Redefining \frac on input line 213.
\uproot@=\count94
\leftroot@=\count95
LaTeX Info: Redefining \overline on input line 375.
\classnum@=\count96
\DOTSCASE@=\count97
LaTeX Info: Redefining \ldots on input line 472.
LaTeX Info: Redefining \dots on input line 475.
LaTeX Info: Redefining \cdots on input line 596.
\Mathstrutbox@=\box26
\strutbox@=\box27
\big@size=\dimen115
LaTeX Font Info:    Redeclaring font encoding OML on input line 712.
LaTeX Font Info:    Redeclaring font encoding OMS on input line 713.
\macc@depth=\count98
\c@MaxMatrixCols=\count99
\dotsspace@=\muskip10
\c@parentequation=\count100
\dspbrk@lvl=\count101
\tag@help=\toks17
\row@=\count102
\column@=\count103
\maxfields@=\count104
\andhelp@=\toks18
\eqnshift@=\dimen116
\alignsep@=\dimen117
\tagshift@=\dimen118
\tagwidth@=\dimen119
\totwidth@=\dimen120
\lineht@=\dimen121
\@envbody=\toks19
\multlinegap=\skip47
\multlinetaggap=\skip48
\mathdisplay@stack=\toks20
LaTeX Info: Redefining \[ on input line 2817.
LaTeX Info: Redefining \] on input line 2818.
)
LaTeX Info: Thecontrolsequence`\('isalreadyrobust on input line 129.
LaTeX Info: Thecontrolsequence`\)'isalreadyrobust on input line 129.
LaTeX Info: Thecontrolsequence`\['isalreadyrobust on input line 129.
LaTeX Info: Thecontrolsequence`\]'isalreadyrobust on input line 129.
\g_MT_multlinerow_int=\count105
\l_MT_multwidth_dim=\dimen122
\origjot=\skip49
\l_MT_shortvdotswithinadjustabove_dim=\dimen123
\l_MT_shortvdotswithinadjustbelow_dim=\dimen124
\l_MT_above_intertext_sep=\dimen125
\l_MT_below_intertext_sep=\dimen126
\l_MT_above_shortintertext_sep=\dimen127
\l_MT_below_shortintertext_sep=\dimen128
)
(/usr/share/texmf-dist/tex/latex/parskip/parskip.sty
Package: parskip 2001/04/09 non-zero parskip adjustments
)
(/usr/share/texmf-dist/tex/latex/listings/listings.sty
\lst@mode=\count106
\lst@gtempboxa=\box28
\lst@token=\toks21
\lst@length=\count107
\lst@currlwidth=\dimen129
\lst@column=\count108
\lst@pos=\count109
\lst@lostspace=\dimen130
\lst@width=\dimen131
\lst@newlines=\count110
\lst@lineno=\count111
\lst@maxwidth=\dimen132

(/usr/share/texmf-dist/tex/latex/listings/lstmisc.sty
File: lstmisc.sty 2015/06/04 1.6 (Carsten Heinz)
\c@lstnumber=\count112
\lst@skipnumbers=\count113
\lst@framebox=\box29
)
(/usr/share/texmf-dist/tex/latex/listings/listings.cfg
File: listings.cfg 2015/06/04 1.6 listings configuration
))
Package: listings 2015/06/04 1.6 (Carsten Heinz)

(/usr/share/texmf-dist/tex/latex/caption/caption.sty
Package: caption 2016/02/21 v3.3-144 Customizing captions (AR)

(/usr/share/texmf-dist/tex/latex/caption/caption3.sty
Package: caption3 2016/05/22 v1.7-166 caption3 kernel (AR)
Package caption3 Info: TeX engine: e-TeX on input line 67.
\captionmargin=\dimen133
\captionmargin@=\dimen134
\captionwidth=\dimen135
\caption@tempdima=\dimen136
\caption@indent=\dimen137
\caption@parindent=\dimen138
\caption@hangindent=\dimen139
)
\c@ContinuedFloat=\count114
Package caption Info: listings package is loaded.
)
(/usr/share/texmf-dist/tex/latex/url/url.sty
\Urlmuskip=\muskip11
Package: url 2013/09/16  ver 3.4  Verb mode for urls, etc.
)
(/usr/share/texmf-dist/tex/latex/graphics/graphicx.sty
Package: graphicx 2014/10/28 v1.0g Enhanced LaTeX Graphics (DPC,SPQR)

(/usr/share/texmf-dist/tex/latex/graphics/graphics.sty
Package: graphics 2016/10/09 v1.0u Standard LaTeX Graphics (DPC,SPQR)

(/usr/share/texmf-dist/tex/latex/graphics/trig.sty
Package: trig 2016/01/03 v1.10 sin cos tan (DPC)
)
(/usr/share/texmf-dist/tex/latex/graphics-cfg/graphics.cfg
File: graphics.cfg 2016/06/04 v1.11 sample graphics configuration
)
Package graphics Info: Driver file: pdftex.def on input line 99.

(/usr/share/texmf-dist/tex/latex/graphics-def/pdftex.def
File: pdftex.def 2017/01/12 v0.06k Graphics/color for pdfTeX

(/usr/share/texmf-dist/tex/generic/oberdiek/infwarerr.sty
Package: infwarerr 2016/05/16 v1.4 Providing info/warning/error messages (HO)
)
(/usr/share/texmf-dist/tex/generic/oberdiek/ltxcmds.sty
Package: ltxcmds 2016/05/16 v1.23 LaTeX kernel commands for general use (HO)
)
\Gread@gobject=\count115
))
\Gin@req@height=\dimen140
\Gin@req@width=\dimen141
)
(/usr/share/texmf-dist/tex/latex/pgf/frontendlayer/tikz.sty
(/usr/share/texmf-dist/tex/latex/pgf/basiclayer/pgf.sty
(/usr/share/texmf-dist/tex/latex/pgf/utilities/pgfrcs.sty
(/usr/share/texmf-dist/tex/generic/pgf/utilities/pgfutil-common.tex
\pgfutil@everybye=\toks22
\pgfutil@tempdima=\dimen142
\pgfutil@tempdimb=\dimen143

(/usr/share/texmf-dist/tex/generic/pgf/utilities/pgfutil-common-lists.tex))
(/usr/share/texmf-dist/tex/generic/pgf/utilities/pgfutil-latex.def
\pgfutil@abb=\box30

(/usr/share/texmf-dist/tex/latex/ms/everyshi.sty
Package: everyshi 2001/05/15 v3.00 EveryShipout Package (MS)
))
(/usr/share/texmf-dist/tex/generic/pgf/utilities/pgfrcs.code.tex
Package: pgfrcs 2015/08/07 v3.0.1a (rcs-revision 1.31)
))
Package: pgf 2015/08/07 v3.0.1a (rcs-revision 1.15)

(/usr/share/texmf-dist/tex/latex/pgf/basiclayer/pgfcore.sty
(/usr/share/texmf-dist/tex/latex/pgf/systemlayer/pgfsys.sty
(/usr/share/texmf-dist/tex/generic/pgf/systemlayer/pgfsys.code.tex
Package: pgfsys 2014/07/09 v3.0.1a (rcs-revision 1.48)

(/usr/share/texmf-dist/tex/generic/pgf/utilities/pgfkeys.code.tex
\pgfkeys@pathtoks=\toks23
\pgfkeys@temptoks=\toks24

(/usr/share/texmf-dist/tex/generic/pgf/utilities/pgfkeysfiltered.code.tex
\pgfkeys@tmptoks=\toks25
))
\pgf@x=\dimen144
\pgf@y=\dimen145
\pgf@xa=\dimen146
\pgf@ya=\dimen147
\pgf@xb=\dimen148
\pgf@yb=\dimen149
\pgf@xc=\dimen150
\pgf@yc=\dimen151
\w@pgf@writea=\write3
\r@pgf@reada=\read1
\c@pgf@counta=\count116
\c@pgf@countb=\count117
\c@pgf@countc=\count118
\c@pgf@countd=\count119
\t@pgf@toka=\toks26
\t@pgf@tokb=\toks27
\t@pgf@tokc=\toks28

(/usr/share/texmf-dist/tex/generic/pgf/systemlayer/pgf.cfg
File: pgf.cfg 2008/05/14  (rcs-revision 1.7)
)
Driver file for pgf: pgfsys-pdftex.def

(/usr/share/texmf-dist/tex/generic/pgf/systemlayer/pgfsys-pdftex.def
File: pgfsys-pdftex.def 2014/10/11  (rcs-revision 1.35)

(/usr/share/texmf-dist/tex/generic/pgf/systemlayer/pgfsys-common-pdf.def
File: pgfsys-common-pdf.def 2013/10/10  (rcs-revision 1.13)
)))
(/usr/share/texmf-dist/tex/generic/pgf/systemlayer/pgfsyssoftpath.code.tex
File: pgfsyssoftpath.code.tex 2013/09/09  (rcs-revision 1.9)
\pgfsyssoftpath@smallbuffer@items=\count120
\pgfsyssoftpath@bigbuffer@items=\count121
)
(/usr/share/texmf-dist/tex/generic/pgf/systemlayer/pgfsysprotocol.code.tex
File: pgfsysprotocol.code.tex 2006/10/16  (rcs-revision 1.4)
))
(/usr/share/texmf-dist/tex/latex/xcolor/xcolor.sty
Package: xcolor 2016/05/11 v2.12 LaTeX color extensions (UK)

(/usr/share/texmf-dist/tex/latex/graphics-cfg/color.cfg
File: color.cfg 2016/01/02 v1.6 sample color configuration
)
Package xcolor Info: Driver file: pdftex.def on input line 225.
Package xcolor Info: Model `cmy' substituted by `cmy0' on input line 1348.
Package xcolor Info: Model `hsb' substituted by `rgb' on input line 1352.
Package xcolor Info: Model `RGB' extended on input line 1364.
Package xcolor Info: Model `HTML' substituted by `rgb' on input line 1366.
Package xcolor Info: Model `Hsb' substituted by `hsb' on input line 1367.
Package xcolor Info: Model `tHsb' substituted by `hsb' on input line 1368.
Package xcolor Info: Model `HSB' substituted by `hsb' on input line 1369.
Package xcolor Info: Model `Gray' substituted by `gray' on input line 1370.
Package xcolor Info: Model `wave' substituted by `hsb' on input line 1371.
)
(/usr/share/texmf-dist/tex/generic/pgf/basiclayer/pgfcore.code.tex
Package: pgfcore 2010/04/11 v3.0.1a (rcs-revision 1.7)

(/usr/share/texmf-dist/tex/generic/pgf/math/pgfmath.code.tex
(/usr/share/texmf-dist/tex/generic/pgf/math/pgfmathcalc.code.tex
(/usr/share/texmf-dist/tex/generic/pgf/math/pgfmathutil.code.tex)
(/usr/share/texmf-dist/tex/generic/pgf/math/pgfmathparser.code.tex
\pgfmath@dimen=\dimen152
\pgfmath@count=\count122
\pgfmath@box=\box31
\pgfmath@toks=\toks29
\pgfmath@stack@operand=\toks30
\pgfmath@stack@operation=\toks31
)
(/usr/share/texmf-dist/tex/generic/pgf/math/pgfmathfunctions.code.tex
(/usr/share/texmf-dist/tex/generic/pgf/math/pgfmathfunctions.basic.code.tex)
(/usr/share/texmf-dist/tex/generic/pgf/math/pgfmathfunctions.trigonometric.code
.tex)
(/usr/share/texmf-dist/tex/generic/pgf/math/pgfmathfunctions.random.code.tex)
(/usr/share/texmf-dist/tex/generic/pgf/math/pgfmathfunctions.comparison.code.te
x) (/usr/share/texmf-dist/tex/generic/pgf/math/pgfmathfunctions.base.code.tex)
(/usr/share/texmf-dist/tex/generic/pgf/math/pgfmathfunctions.round.code.tex)
(/usr/share/texmf-dist/tex/generic/pgf/math/pgfmathfunctions.misc.code.tex)
(/usr/share/texmf-dist/tex/generic/pgf/math/pgfmathfunctions.integerarithmetics
.code.tex))) (/usr/share/texmf-dist/tex/generic/pgf/math/pgfmathfloat.code.tex
\c@pgfmathroundto@lastzeros=\count123
)) (/usr/share/texmf-dist/tex/generic/pgf/basiclayer/pgfcorepoints.code.tex
File: pgfcorepoints.code.tex 2013/10/07  (rcs-revision 1.27)
\pgf@picminx=\dimen153
\pgf@picmaxx=\dimen154
\pgf@picminy=\dimen155
\pgf@picmaxy=\dimen156
\pgf@pathminx=\dimen157
\pgf@pathmaxx=\dimen158
\pgf@pathminy=\dimen159
\pgf@pathmaxy=\dimen160
\pgf@xx=\dimen161
\pgf@xy=\dimen162
\pgf@yx=\dimen163
\pgf@yy=\dimen164
\pgf@zx=\dimen165
\pgf@zy=\dimen166
)
(/usr/share/texmf-dist/tex/generic/pgf/basiclayer/pgfcorepathconstruct.code.tex
File: pgfcorepathconstruct.code.tex 2013/10/07  (rcs-revision 1.29)
\pgf@path@lastx=\dimen167
\pgf@path@lasty=\dimen168
) (/usr/share/texmf-dist/tex/generic/pgf/basiclayer/pgfcorepathusage.code.tex
File: pgfcorepathusage.code.tex 2014/11/02  (rcs-revision 1.24)
\pgf@shorten@end@additional=\dimen169
\pgf@shorten@start@additional=\dimen170
)
(/usr/share/texmf-dist/tex/generic/pgf/basiclayer/pgfcorescopes.code.tex
File: pgfcorescopes.code.tex 2015/05/08  (rcs-revision 1.46)
\pgfpic=\box32
\pgf@hbox=\box33
\pgf@layerbox@main=\box34
\pgf@picture@serial@count=\count124
)
(/usr/share/texmf-dist/tex/generic/pgf/basiclayer/pgfcoregraphicstate.code.tex
File: pgfcoregraphicstate.code.tex 2014/11/02  (rcs-revision 1.12)
\pgflinewidth=\dimen171
)
(/usr/share/texmf-dist/tex/generic/pgf/basiclayer/pgfcoretransformations.code.t
ex
File: pgfcoretransformations.code.tex 2015/08/07  (rcs-revision 1.20)
\pgf@pt@x=\dimen172
\pgf@pt@y=\dimen173
\pgf@pt@temp=\dimen174
) (/usr/share/texmf-dist/tex/generic/pgf/basiclayer/pgfcorequick.code.tex
File: pgfcorequick.code.tex 2008/10/09  (rcs-revision 1.3)
)
(/usr/share/texmf-dist/tex/generic/pgf/basiclayer/pgfcoreobjects.code.tex
File: pgfcoreobjects.code.tex 2006/10/11  (rcs-revision 1.2)
)
(/usr/share/texmf-dist/tex/generic/pgf/basiclayer/pgfcorepathprocessing.code.te
x
File: pgfcorepathprocessing.code.tex 2013/09/09  (rcs-revision 1.9)
) (/usr/share/texmf-dist/tex/generic/pgf/basiclayer/pgfcorearrows.code.tex
File: pgfcorearrows.code.tex 2015/05/14  (rcs-revision 1.43)
\pgfarrowsep=\dimen175
)
(/usr/share/texmf-dist/tex/generic/pgf/basiclayer/pgfcoreshade.code.tex
File: pgfcoreshade.code.tex 2013/07/15  (rcs-revision 1.15)
\pgf@max=\dimen176
\pgf@sys@shading@range@num=\count125
)
(/usr/share/texmf-dist/tex/generic/pgf/basiclayer/pgfcoreimage.code.tex
File: pgfcoreimage.code.tex 2013/07/15  (rcs-revision 1.18)

(/usr/share/texmf-dist/tex/generic/pgf/basiclayer/pgfcoreexternal.code.tex
File: pgfcoreexternal.code.tex 2014/07/09  (rcs-revision 1.21)
\pgfexternal@startupbox=\box35
))
(/usr/share/texmf-dist/tex/generic/pgf/basiclayer/pgfcorelayers.code.tex
File: pgfcorelayers.code.tex 2013/07/18  (rcs-revision 1.7)
)
(/usr/share/texmf-dist/tex/generic/pgf/basiclayer/pgfcoretransparency.code.tex
File: pgfcoretransparency.code.tex 2013/09/30  (rcs-revision 1.5)
) (/usr/share/texmf-dist/tex/generic/pgf/basiclayer/pgfcorepatterns.code.tex
File: pgfcorepatterns.code.tex 2013/11/07  (rcs-revision 1.5)
)))
(/usr/share/texmf-dist/tex/generic/pgf/modules/pgfmoduleshapes.code.tex
File: pgfmoduleshapes.code.tex 2014/03/21  (rcs-revision 1.35)
\pgfnodeparttextbox=\box36
)
(/usr/share/texmf-dist/tex/generic/pgf/modules/pgfmoduleplot.code.tex
File: pgfmoduleplot.code.tex 2015/08/03  (rcs-revision 1.13)
)
(/usr/share/texmf-dist/tex/latex/pgf/compatibility/pgfcomp-version-0-65.sty
Package: pgfcomp-version-0-65 2007/07/03 v3.0.1a (rcs-revision 1.7)
\pgf@nodesepstart=\dimen177
\pgf@nodesepend=\dimen178
)
(/usr/share/texmf-dist/tex/latex/pgf/compatibility/pgfcomp-version-1-18.sty
Package: pgfcomp-version-1-18 2007/07/23 v3.0.1a (rcs-revision 1.1)
))
(/usr/share/texmf-dist/tex/latex/pgf/utilities/pgffor.sty
(/usr/share/texmf-dist/tex/latex/pgf/utilities/pgfkeys.sty
(/usr/share/texmf-dist/tex/generic/pgf/utilities/pgfkeys.code.tex))
(/usr/share/texmf-dist/tex/latex/pgf/math/pgfmath.sty
(/usr/share/texmf-dist/tex/generic/pgf/math/pgfmath.code.tex))
(/usr/share/texmf-dist/tex/generic/pgf/utilities/pgffor.code.tex
Package: pgffor 2013/12/13 v3.0.1a (rcs-revision 1.25)

(/usr/share/texmf-dist/tex/generic/pgf/math/pgfmath.code.tex)
\pgffor@iter=\dimen179
\pgffor@skip=\dimen180
\pgffor@stack=\toks32
\pgffor@toks=\toks33
))
(/usr/share/texmf-dist/tex/generic/pgf/frontendlayer/tikz/tikz.code.tex
Package: tikz 2015/08/07 v3.0.1a (rcs-revision 1.151)

(/usr/share/texmf-dist/tex/generic/pgf/libraries/pgflibraryplothandlers.code.te
x
File: pgflibraryplothandlers.code.tex 2013/08/31 v3.0.1a (rcs-revision 1.20)
\pgf@plot@mark@count=\count126
\pgfplotmarksize=\dimen181
)
\tikz@lastx=\dimen182
\tikz@lasty=\dimen183
\tikz@lastxsaved=\dimen184
\tikz@lastysaved=\dimen185
\tikzleveldistance=\dimen186
\tikzsiblingdistance=\dimen187
\tikz@figbox=\box37
\tikz@figbox@bg=\box38
\tikz@tempbox=\box39
\tikz@tempbox@bg=\box40
\tikztreelevel=\count127
\tikznumberofchildren=\count128
\tikznumberofcurrentchild=\count129
\tikz@fig@count=\count130
 (/usr/share/texmf-dist/tex/generic/pgf/modules/pgfmodulematrix.code.tex
File: pgfmodulematrix.code.tex 2013/09/17  (rcs-revision 1.8)
\pgfmatrixcurrentrow=\count131
\pgfmatrixcurrentcolumn=\count132
\pgf@matrix@numberofcolumns=\count133
)
\tikz@expandcount=\count134

(/usr/share/texmf-dist/tex/generic/pgf/frontendlayer/tikz/libraries/tikzlibrary
topaths.code.tex
File: tikzlibrarytopaths.code.tex 2008/06/17 v3.0.1a (rcs-revision 1.2)
)))
(/usr/share/texmf-dist/tex/latex/sourcecodepro/sourcecodepro.sty
! Text line contains an invalid character.
l.1 ^^@
       ^^@^^@^^@^^@^^@^^@^^@^^@^^@^^@^^@^^@^^@^^@^^@^^@^^@^^@^^@^^@^^@^^@^^@...
A funny symbol that I can't read has just been input.
Continue, and I'll forget that it ever happened.

! Text line contains an invalid character.
l.1 ^^@^^@
          ^^@^^@^^@^^@^^@^^@^^@^^@^^@^^@^^@^^@^^@^^@^^@^^@^^@^^@^^@^^@^^@^^@...
A funny symbol that I can't read has just been input.
Continue, and I'll forget that it ever happened.

! Text line contains an invalid character.
l.1 ^^@^^@^^@
             ^^@^^@^^@^^@^^@^^@^^@^^@^^@^^@^^@^^@^^@^^@^^@^^@^^@^^@^^@^^@^^@...
A funny symbol that I can't read has just been input.
Continue, and I'll forget that it ever happened.

! Text line contains an invalid character.
l.1 ^^@^^@^^@^^@
                ^^@^^@^^@^^@^^@^^@^^@^^@^^@^^@^^@^^@^^@^^@^^@^^@^^@^^@^^@^^@...
A funny symbol that I can't read has just been input.
Continue, and I'll forget that it ever happened.

! Text line contains an invalid character.
l.1 ^^@^^@^^@^^@^^@
                   ^^@^^@^^@^^@^^@^^@^^@^^@^^@^^@^^@^^@^^@^^@^^@^^@^^@^^@^^@...
A funny symbol that I can't read has just been input.
Continue, and I'll forget that it ever happened.

! Text line contains an invalid character.
l.1 ^^@^^@^^@^^@^^@^^@
                      ^^@^^@^^@^^@^^@^^@^^@^^@^^@^^@^^@^^@^^@^^@^^@^^@^^@^^@...
A funny symbol that I can't read has just been input.
Continue, and I'll forget that it ever happened.

! Text line contains an invalid character.
l.1 ^^@^^@^^@^^@^^@^^@^^@
                         ^^@^^@^^@^^@^^@^^@^^@^^@^^@^^@^^@^^@^^@^^@^^@^^@^^@...
A funny symbol that I can't read has just been input.
Continue, and I'll forget that it ever happened.

! Text line contains an invalid character.
l.1 ^^@^^@^^@^^@^^@^^@^^@^^@
                            ^^@^^@^^@^^@^^@^^@^^@^^@^^@^^@^^@^^@^^@^^@^^@^^@...
A funny symbol that I can't read has just been input.
Continue, and I'll forget that it ever happened.

! Text line contains an invalid character.
l.1 ^^@^^@^^@^^@^^@^^@^^@^^@^^@
                               ^^@^^@^^@^^@^^@^^@^^@^^@^^@^^@^^@^^@^^@^^@^^@...
A funny symbol that I can't read has just been input.
Continue, and I'll forget that it ever happened.

! Text line contains an invalid character.
l.1 ^^@^^@^^@^^@^^@^^@^^@^^@^^@^^@
                                  ^^@^^@^^@^^@^^@^^@^^@^^@^^@^^@^^@^^@^^@^^@...
A funny symbol that I can't read has just been input.
Continue, and I'll forget that it ever happened.

! Text line contains an invalid character.
l.1 ^^@^^@^^@^^@^^@^^@^^@^^@^^@^^@^^@
                                     ^^@^^@^^@^^@^^@^^@^^@^^@^^@^^@^^@^^@^^@...
A funny symbol that I can't read has just been input.
Continue, and I'll forget that it ever happened.

! Text line contains an invalid character.
l.1 ^^@^^@^^@^^@^^@^^@^^@^^@^^@^^@^^@^^@
                                        ^^@^^@^^@^^@^^@^^@^^@^^@^^@^^@^^@^^@...
A funny symbol that I can't read has just been input.
Continue, and I'll forget that it ever happened.

! Text line contains an invalid character.
l.1 ^^@^^@^^@^^@^^@^^@^^@^^@^^@^^@^^@^^@^^@
                                           ^^@^^@^^@^^@^^@^^@^^@^^@^^@^^@^^@...
A funny symbol that I can't read has just been input.
Continue, and I'll forget that it ever happened.

! Text line contains an invalid character.
l.1 ^^@^^@^^@^^@^^@^^@^^@^^@^^@^^@^^@^^@^^@^^@
                                              ^^@^^@^^@^^@^^@^^@^^@^^@^^@^^@...
A funny symbol that I can't read has just been input.
Continue, and I'll forget that it ever happened.

! Text line contains an invalid character.
l.1 ^^@^^@^^@^^@^^@^^@^^@^^@^^@^^@^^@^^@^^@^^@^^@
                                                 ^^@^^@^^@^^@^^@^^@^^@^^@^^@...
A funny symbol that I can't read has just been input.
Continue, and I'll forget that it ever happened.

! Text line contains an invalid character.
l.1 ...@^^@^^@^^@^^@^^@^^@^^@^^@^^@^^@^^@^^@^^@^^@
                                                  ^^@^^@^^@^^@^^@^^@^^@^^@^^...
A funny symbol that I can't read has just been input.
Continue, and I'll forget that it ever happened.

! Text line contains an invalid character.
l.1 ...@^^@^^@^^@^^@^^@^^@^^@^^@^^@^^@^^@^^@^^@^^@
                                                  ^^@^^@^^@^^@^^@^^@^^@^^@^^...
A funny symbol that I can't read has just been input.
Continue, and I'll forget that it ever happened.

! Text line contains an invalid character.
l.1 ...@^^@^^@^^@^^@^^@^^@^^@^^@^^@^^@^^@^^@^^@^^@
                                                  ^^@^^@^^@^^@^^@^^@^^@^^@^^...
A funny symbol that I can't read has just been input.
Continue, and I'll forget that it ever happened.

! Text line contains an invalid character.
l.1 ...@^^@^^@^^@^^@^^@^^@^^@^^@^^@^^@^^@^^@^^@^^@
                                                  ^^@^^@^^@^^@^^@^^@^^@^^@^^...
A funny symbol that I can't read has just been input.
Continue, and I'll forget that it ever happened.

! Text line contains an invalid character.
l.1 ...@^^@^^@^^@^^@^^@^^@^^@^^@^^@^^@^^@^^@^^@^^@
                                                  ^^@^^@^^@^^@^^@^^@^^@^^@^^...
A funny symbol that I can't read has just been input.
Continue, and I'll forget that it ever happened.

! Text line contains an invalid character.
l.1 ...@^^@^^@^^@^^@^^@^^@^^@^^@^^@^^@^^@^^@^^@^^@
                                                  ^^@^^@^^@^^@^^@^^@^^@^^@^^...
A funny symbol that I can't read has just been input.
Continue, and I'll forget that it ever happened.

! Text line contains an invalid character.
l.1 ...@^^@^^@^^@^^@^^@^^@^^@^^@^^@^^@^^@^^@^^@^^@
                                                  ^^@^^@^^@^^@^^@^^@^^@^^@^^...
A funny symbol that I can't read has just been input.
Continue, and I'll forget that it ever happened.

! Text line contains an invalid character.
l.1 ...@^^@^^@^^@^^@^^@^^@^^@^^@^^@^^@^^@^^@^^@^^@
                                                  ^^@^^@^^@^^@^^@^^@^^@^^@^^...
A funny symbol that I can't read has just been input.
Continue, and I'll forget that it ever happened.

! Text line contains an invalid character.
l.1 ...@^^@^^@^^@^^@^^@^^@^^@^^@^^@^^@^^@^^@^^@^^@
                                                  ^^@^^@^^@^^@^^@^^@^^@^^@^^...
A funny symbol that I can't read has just been input.
Continue, and I'll forget that it ever happened.

! Text line contains an invalid character.
l.1 ...@^^@^^@^^@^^@^^@^^@^^@^^@^^@^^@^^@^^@^^@^^@
                                                  ^^@^^@^^@^^@^^@^^@^^@^^@^^...
A funny symbol that I can't read has just been input.
Continue, and I'll forget that it ever happened.

! Text line contains an invalid character.
l.1 ...@^^@^^@^^@^^@^^@^^@^^@^^@^^@^^@^^@^^@^^@^^@
                                                  ^^@^^@^^@^^@^^@^^@^^@^^@^^...
A funny symbol that I can't read has just been input.
Continue, and I'll forget that it ever happened.

! Text line contains an invalid character.
l.1 ...@^^@^^@^^@^^@^^@^^@^^@^^@^^@^^@^^@^^@^^@^^@
                                                  ^^@^^@^^@^^@^^@^^@^^@^^@^^...
A funny symbol that I can't read has just been input.
Continue, and I'll forget that it ever happened.

! Text line contains an invalid character.
l.1 ...@^^@^^@^^@^^@^^@^^@^^@^^@^^@^^@^^@^^@^^@^^@
                                                  ^^@^^@^^@^^@^^@^^@^^@^^@^^...
A funny symbol that I can't read has just been input.
Continue, and I'll forget that it ever happened.

! Text line contains an invalid character.
l.1 ...@^^@^^@^^@^^@^^@^^@^^@^^@^^@^^@^^@^^@^^@^^@
                                                  ^^@^^@^^@^^@^^@^^@^^@^^@^^...
A funny symbol that I can't read has just been input.
Continue, and I'll forget that it ever happened.

! Text line contains an invalid character.
l.1 ...@^^@^^@^^@^^@^^@^^@^^@^^@^^@^^@^^@^^@^^@^^@
                                                  ^^@^^@^^@^^@^^@^^@^^@^^@^^...
A funny symbol that I can't read has just been input.
Continue, and I'll forget that it ever happened.

! Text line contains an invalid character.
l.1 ...@^^@^^@^^@^^@^^@^^@^^@^^@^^@^^@^^@^^@^^@^^@
                                                  ^^@^^@^^@^^@^^@^^@^^@^^@^^...
A funny symbol that I can't read has just been input.
Continue, and I'll forget that it ever happened.

! Text line contains an invalid character.
l.1 ...@^^@^^@^^@^^@^^@^^@^^@^^@^^@^^@^^@^^@^^@^^@
                                                  ^^@^^@^^@^^@^^@^^@^^@^^@^^...
A funny symbol that I can't read has just been input.
Continue, and I'll forget that it ever happened.

! Text line contains an invalid character.
l.1 ...@^^@^^@^^@^^@^^@^^@^^@^^@^^@^^@^^@^^@^^@^^@
                                                  ^^@^^@^^@^^@^^@^^@^^@^^@^^...
A funny symbol that I can't read has just been input.
Continue, and I'll forget that it ever happened.

! Text line contains an invalid character.
l.1 ...@^^@^^@^^@^^@^^@^^@^^@^^@^^@^^@^^@^^@^^@^^@
                                                  ^^@^^@^^@^^@^^@^^@^^@^^@^^...
A funny symbol that I can't read has just been input.
Continue, and I'll forget that it ever happened.

! Text line contains an invalid character.
l.1 ...@^^@^^@^^@^^@^^@^^@^^@^^@^^@^^@^^@^^@^^@^^@
                                                  ^^@^^@^^@^^@^^@^^@^^@^^@^^...
A funny symbol that I can't read has just been input.
Continue, and I'll forget that it ever happened.

! Text line contains an invalid character.
l.1 ...@^^@^^@^^@^^@^^@^^@^^@^^@^^@^^@^^@^^@^^@^^@
                                                  ^^@^^@^^@^^@^^@^^@^^@^^@^^...
A funny symbol that I can't read has just been input.
Continue, and I'll forget that it ever happened.

! Text line contains an invalid character.
l.1 ...@^^@^^@^^@^^@^^@^^@^^@^^@^^@^^@^^@^^@^^@^^@
                                                  ^^@^^@^^@^^@^^@^^@^^@^^@^^...
A funny symbol that I can't read has just been input.
Continue, and I'll forget that it ever happened.

! Text line contains an invalid character.
l.1 ...@^^@^^@^^@^^@^^@^^@^^@^^@^^@^^@^^@^^@^^@^^@
                                                  ^^@^^@^^@^^@^^@^^@^^@^^@^^...
A funny symbol that I can't read has just been input.
Continue, and I'll forget that it ever happened.

! Text line contains an invalid character.
l.1 ...@^^@^^@^^@^^@^^@^^@^^@^^@^^@^^@^^@^^@^^@^^@
                                                  ^^@^^@^^@^^@^^@^^@^^@^^@^^...
A funny symbol that I can't read has just been input.
Continue, and I'll forget that it ever happened.

! Text line contains an invalid character.
l.1 ...@^^@^^@^^@^^@^^@^^@^^@^^@^^@^^@^^@^^@^^@^^@
                                                  ^^@^^@^^@^^@^^@^^@^^@^^@^^...
A funny symbol that I can't read has just been input.
Continue, and I'll forget that it ever happened.

! Text line contains an invalid character.
l.1 ...@^^@^^@^^@^^@^^@^^@^^@^^@^^@^^@^^@^^@^^@^^@
                                                  ^^@^^@^^@^^@^^@^^@^^@^^@^^...
A funny symbol that I can't read has just been input.
Continue, and I'll forget that it ever happened.

! Text line contains an invalid character.
l.1 ...@^^@^^@^^@^^@^^@^^@^^@^^@^^@^^@^^@^^@^^@^^@
                                                  ^^@^^@^^@^^@^^@^^@^^@^^@^^...
A funny symbol that I can't read has just been input.
Continue, and I'll forget that it ever happened.

! Text line contains an invalid character.
l.1 ...@^^@^^@^^@^^@^^@^^@^^@^^@^^@^^@^^@^^@^^@^^@
                                                  ^^@^^@^^@^^@^^@^^@^^@^^@^^...
A funny symbol that I can't read has just been input.
Continue, and I'll forget that it ever happened.

! Text line contains an invalid character.
l.1 ...@^^@^^@^^@^^@^^@^^@^^@^^@^^@^^@^^@^^@^^@^^@
                                                  ^^@^^@^^@^^@^^@^^@^^@^^@^^...
A funny symbol that I can't read has just been input.
Continue, and I'll forget that it ever happened.

! Text line contains an invalid character.
l.1 ...@^^@^^@^^@^^@^^@^^@^^@^^@^^@^^@^^@^^@^^@^^@
                                                  ^^@^^@^^@^^@^^@^^@^^@^^@^^...
A funny symbol that I can't read has just been input.
Continue, and I'll forget that it ever happened.

! Text line contains an invalid character.
l.1 ...@^^@^^@^^@^^@^^@^^@^^@^^@^^@^^@^^@^^@^^@^^@
                                                  ^^@^^@^^@^^@^^@^^@^^@^^@^^...
A funny symbol that I can't read has just been input.
Continue, and I'll forget that it ever happened.

! Text line contains an invalid character.
l.1 ...@^^@^^@^^@^^@^^@^^@^^@^^@^^@^^@^^@^^@^^@^^@
                                                  ^^@^^@^^@^^@^^@^^@^^@^^@^^...
A funny symbol that I can't read has just been input.
Continue, and I'll forget that it ever happened.

! Text line contains an invalid character.
l.1 ...@^^@^^@^^@^^@^^@^^@^^@^^@^^@^^@^^@^^@^^@^^@
                                                  ^^@^^@^^@^^@^^@^^@^^@^^@^^...
A funny symbol that I can't read has just been input.
Continue, and I'll forget that it ever happened.

! Text line contains an invalid character.
l.1 ...@^^@^^@^^@^^@^^@^^@^^@^^@^^@^^@^^@^^@^^@^^@
                                                  ^^@^^@^^@^^@^^@^^@^^@^^@^^...
A funny symbol that I can't read has just been input.
Continue, and I'll forget that it ever happened.

! Text line contains an invalid character.
l.1 ...@^^@^^@^^@^^@^^@^^@^^@^^@^^@^^@^^@^^@^^@^^@
                                                  ^^@^^@^^@^^@^^@^^@^^@^^@^^...
A funny symbol that I can't read has just been input.
Continue, and I'll forget that it ever happened.

! Text line contains an invalid character.
l.1 ...@^^@^^@^^@^^@^^@^^@^^@^^@^^@^^@^^@^^@^^@^^@
                                                  ^^@^^@^^@^^@^^@^^@^^@^^@^^...
A funny symbol that I can't read has just been input.
Continue, and I'll forget that it ever happened.

! Text line contains an invalid character.
l.1 ...@^^@^^@^^@^^@^^@^^@^^@^^@^^@^^@^^@^^@^^@^^@
                                                  ^^@^^@^^@^^@^^@^^@^^@^^@^^...
A funny symbol that I can't read has just been input.
Continue, and I'll forget that it ever happened.

! Text line contains an invalid character.
l.1 ...@^^@^^@^^@^^@^^@^^@^^@^^@^^@^^@^^@^^@^^@^^@
                                                  ^^@^^@^^@^^@^^@^^@^^@^^@^^...
A funny symbol that I can't read has just been input.
Continue, and I'll forget that it ever happened.

! Text line contains an invalid character.
l.1 ...@^^@^^@^^@^^@^^@^^@^^@^^@^^@^^@^^@^^@^^@^^@
                                                  ^^@^^@^^@^^@^^@^^@^^@^^@^^...
A funny symbol that I can't read has just been input.
Continue, and I'll forget that it ever happened.

! Text line contains an invalid character.
l.1 ...@^^@^^@^^@^^@^^@^^@^^@^^@^^@^^@^^@^^@^^@^^@
                                                  ^^@^^@^^@^^@^^@^^@^^@^^@^^...
A funny symbol that I can't read has just been input.
Continue, and I'll forget that it ever happened.

! Text line contains an invalid character.
l.1 ...@^^@^^@^^@^^@^^@^^@^^@^^@^^@^^@^^@^^@^^@^^@
                                                  ^^@^^@^^@^^@^^@^^@^^@^^@^^...
A funny symbol that I can't read has just been input.
Continue, and I'll forget that it ever happened.

! Text line contains an invalid character.
l.1 ...@^^@^^@^^@^^@^^@^^@^^@^^@^^@^^@^^@^^@^^@^^@
                                                  ^^@^^@^^@^^@^^@^^@^^@^^@^^...
A funny symbol that I can't read has just been input.
Continue, and I'll forget that it ever happened.

! Text line contains an invalid character.
l.1 ...@^^@^^@^^@^^@^^@^^@^^@^^@^^@^^@^^@^^@^^@^^@
                                                  ^^@^^@^^@^^@^^@^^@^^@^^@^^...
A funny symbol that I can't read has just been input.
Continue, and I'll forget that it ever happened.

! Text line contains an invalid character.
l.1 ...@^^@^^@^^@^^@^^@^^@^^@^^@^^@^^@^^@^^@^^@^^@
                                                  ^^@^^@^^@^^@^^@^^@^^@^^@^^...
A funny symbol that I can't read has just been input.
Continue, and I'll forget that it ever happened.

! Text line contains an invalid character.
l.1 ...@^^@^^@^^@^^@^^@^^@^^@^^@^^@^^@^^@^^@^^@^^@
                                                  ^^@^^@^^@^^@^^@^^@^^@^^@^^...
A funny symbol that I can't read has just been input.
Continue, and I'll forget that it ever happened.

! Text line contains an invalid character.
l.1 ...@^^@^^@^^@^^@^^@^^@^^@^^@^^@^^@^^@^^@^^@^^@
                                                  ^^@^^@^^@^^@^^@^^@^^@^^@^^...
A funny symbol that I can't read has just been input.
Continue, and I'll forget that it ever happened.

! Text line contains an invalid character.
l.1 ...@^^@^^@^^@^^@^^@^^@^^@^^@^^@^^@^^@^^@^^@^^@
                                                  ^^@^^@^^@^^@^^@^^@^^@^^@^^...
A funny symbol that I can't read has just been input.
Continue, and I'll forget that it ever happened.

! Text line contains an invalid character.
l.1 ...@^^@^^@^^@^^@^^@^^@^^@^^@^^@^^@^^@^^@^^@^^@
                                                  ^^@^^@^^@^^@^^@^^@^^@^^@^^...
A funny symbol that I can't read has just been input.
Continue, and I'll forget that it ever happened.

! Text line contains an invalid character.
l.1 ...@^^@^^@^^@^^@^^@^^@^^@^^@^^@^^@^^@^^@^^@^^@
                                                  ^^@^^@^^@^^@^^@^^@^^@^^@^^...
A funny symbol that I can't read has just been input.
Continue, and I'll forget that it ever happened.

! Text line contains an invalid character.
l.1 ...@^^@^^@^^@^^@^^@^^@^^@^^@^^@^^@^^@^^@^^@^^@
                                                  ^^@^^@^^@^^@^^@^^@^^@^^@^^...
A funny symbol that I can't read has just been input.
Continue, and I'll forget that it ever happened.

! Text line contains an invalid character.
l.1 ...@^^@^^@^^@^^@^^@^^@^^@^^@^^@^^@^^@^^@^^@^^@
                                                  ^^@^^@^^@^^@^^@^^@^^@^^@^^...
A funny symbol that I can't read has just been input.
Continue, and I'll forget that it ever happened.

! Text line contains an invalid character.
l.1 ...@^^@^^@^^@^^@^^@^^@^^@^^@^^@^^@^^@^^@^^@^^@
                                                  ^^@^^@^^@^^@^^@^^@^^@^^@^^...
A funny symbol that I can't read has just been input.
Continue, and I'll forget that it ever happened.

! Text line contains an invalid character.
l.1 ...@^^@^^@^^@^^@^^@^^@^^@^^@^^@^^@^^@^^@^^@^^@
                                                  ^^@^^@^^@^^@^^@^^@^^@^^@^^...
A funny symbol that I can't read has just been input.
Continue, and I'll forget that it ever happened.

! Text line contains an invalid character.
l.1 ...@^^@^^@^^@^^@^^@^^@^^@^^@^^@^^@^^@^^@^^@^^@
                                                  ^^@^^@^^@^^@^^@^^@^^@^^@^^...
A funny symbol that I can't read has just been input.
Continue, and I'll forget that it ever happened.

! Text line contains an invalid character.
l.1 ...@^^@^^@^^@^^@^^@^^@^^@^^@^^@^^@^^@^^@^^@^^@
                                                  ^^@^^@^^@^^@^^@^^@^^@^^@^^...
A funny symbol that I can't read has just been input.
Continue, and I'll forget that it ever happened.

! Text line contains an invalid character.
l.1 ...@^^@^^@^^@^^@^^@^^@^^@^^@^^@^^@^^@^^@^^@^^@
                                                  ^^@^^@^^@^^@^^@^^@^^@^^@^^...
A funny symbol that I can't read has just been input.
Continue, and I'll forget that it ever happened.

! Text line contains an invalid character.
l.1 ...@^^@^^@^^@^^@^^@^^@^^@^^@^^@^^@^^@^^@^^@^^@
                                                  ^^@^^@^^@^^@^^@^^@^^@^^@^^...
A funny symbol that I can't read has just been input.
Continue, and I'll forget that it ever happened.

! Text line contains an invalid character.
l.1 ...@^^@^^@^^@^^@^^@^^@^^@^^@^^@^^@^^@^^@^^@^^@
                                                  ^^@^^@^^@^^@^^@^^@^^@^^@^^...
A funny symbol that I can't read has just been input.
Continue, and I'll forget that it ever happened.

! Text line contains an invalid character.
l.1 ...@^^@^^@^^@^^@^^@^^@^^@^^@^^@^^@^^@^^@^^@^^@
                                                  ^^@^^@^^@^^@^^@^^@^^@^^@^^...
A funny symbol that I can't read has just been input.
Continue, and I'll forget that it ever happened.

! Text line contains an invalid character.
l.1 ...@^^@^^@^^@^^@^^@^^@^^@^^@^^@^^@^^@^^@^^@^^@
                                                  ^^@^^@^^@^^@^^@^^@^^@^^@^^...
A funny symbol that I can't read has just been input.
Continue, and I'll forget that it ever happened.

! Text line contains an invalid character.
l.1 ...@^^@^^@^^@^^@^^@^^@^^@^^@^^@^^@^^@^^@^^@^^@
                                                  ^^@^^@^^@^^@^^@^^@^^@^^@^^...
A funny symbol that I can't read has just been input.
Continue, and I'll forget that it ever happened.

! Text line contains an invalid character.
l.1 ...@^^@^^@^^@^^@^^@^^@^^@^^@^^@^^@^^@^^@^^@^^@
                                                  ^^@^^@^^@^^@^^@^^@^^@^^@^^...
A funny symbol that I can't read has just been input.
Continue, and I'll forget that it ever happened.

! Text line contains an invalid character.
l.1 ...@^^@^^@^^@^^@^^@^^@^^@^^@^^@^^@^^@^^@^^@^^@
                                                  ^^@^^@^^@^^@^^@^^@^^@^^@^^...
A funny symbol that I can't read has just been input.
Continue, and I'll forget that it ever happened.

! Text line contains an invalid character.
l.1 ...@^^@^^@^^@^^@^^@^^@^^@^^@^^@^^@^^@^^@^^@^^@
                                                  ^^@^^@^^@^^@^^@^^@^^@^^@^^...
A funny symbol that I can't read has just been input.
Continue, and I'll forget that it ever happened.

! Text line contains an invalid character.
l.1 ...@^^@^^@^^@^^@^^@^^@^^@^^@^^@^^@^^@^^@^^@^^@
                                                  ^^@^^@^^@^^@^^@^^@^^@^^@^^...
A funny symbol that I can't read has just been input.
Continue, and I'll forget that it ever happened.

! Text line contains an invalid character.
l.1 ...@^^@^^@^^@^^@^^@^^@^^@^^@^^@^^@^^@^^@^^@^^@
                                                  ^^@^^@^^@^^@^^@^^@^^@^^@^^...
A funny symbol that I can't read has just been input.
Continue, and I'll forget that it ever happened.

! Text line contains an invalid character.
l.1 ...@^^@^^@^^@^^@^^@^^@^^@^^@^^@^^@^^@^^@^^@^^@
                                                  ^^@^^@^^@^^@^^@^^@^^@^^@^^...
A funny symbol that I can't read has just been input.
Continue, and I'll forget that it ever happened.

! Text line contains an invalid character.
l.1 ...@^^@^^@^^@^^@^^@^^@^^@^^@^^@^^@^^@^^@^^@^^@
                                                  ^^@^^@^^@^^@^^@^^@^^@^^@^^...
A funny symbol that I can't read has just been input.
Continue, and I'll forget that it ever happened.

! Text line contains an invalid character.
l.1 ...@^^@^^@^^@^^@^^@^^@^^@^^@^^@^^@^^@^^@^^@^^@
                                                  ^^@^^@^^@^^@^^@^^@^^@^^@^^...
A funny symbol that I can't read has just been input.
Continue, and I'll forget that it ever happened.

! Text line contains an invalid character.
l.1 ...@^^@^^@^^@^^@^^@^^@^^@^^@^^@^^@^^@^^@^^@^^@
                                                  ^^@^^@^^@^^@^^@^^@^^@^^@^^...
A funny symbol that I can't read has just been input.
Continue, and I'll forget that it ever happened.

! Text line contains an invalid character.
l.1 ...@^^@^^@^^@^^@^^@^^@^^@^^@^^@^^@^^@^^@^^@^^@
                                                  ^^@^^@^^@^^@^^@^^@^^@^^@^^...
A funny symbol that I can't read has just been input.
Continue, and I'll forget that it ever happened.

! Text line contains an invalid character.
l.1 ...@^^@^^@^^@^^@^^@^^@^^@^^@^^@^^@^^@^^@^^@^^@
                                                  ^^@^^@^^@^^@^^@^^@^^@^^@^^...
A funny symbol that I can't read has just been input.
Continue, and I'll forget that it ever happened.

! Text line contains an invalid character.
l.1 ...@^^@^^@^^@^^@^^@^^@^^@^^@^^@^^@^^@^^@^^@^^@
                                                  ^^@^^@^^@^^@^^@^^@^^@^^@^^...
A funny symbol that I can't read has just been input.
Continue, and I'll forget that it ever happened.

! Text line contains an invalid character.
l.1 ...@^^@^^@^^@^^@^^@^^@^^@^^@^^@^^@^^@^^@^^@^^@
                                                  ^^@^^@^^@^^@^^@^^@^^@^^@^^...
A funny symbol that I can't read has just been input.
Continue, and I'll forget that it ever happened.

! Text line contains an invalid character.
l.1 ...@^^@^^@^^@^^@^^@^^@^^@^^@^^@^^@^^@^^@^^@^^@
                                                  ^^@^^@^^@^^@^^@^^@^^@^^@^^...
A funny symbol that I can't read has just been input.
Continue, and I'll forget that it ever happened.

! Text line contains an invalid character.
l.1 ...@^^@^^@^^@^^@^^@^^@^^@^^@^^@^^@^^@^^@^^@^^@
                                                  ^^@^^@^^@^^@^^@^^@^^@^^@^^...
A funny symbol that I can't read has just been input.
Continue, and I'll forget that it ever happened.

! Text line contains an invalid character.
l.1 ...@^^@^^@^^@^^@^^@^^@^^@^^@^^@^^@^^@^^@^^@^^@
                                                  ^^@^^@^^@^^@^^@^^@^^@^^@^^...
A funny symbol that I can't read has just been input.
Continue, and I'll forget that it ever happened.

! Text line contains an invalid character.
l.1 ...@^^@^^@^^@^^@^^@^^@^^@^^@^^@^^@^^@^^@^^@^^@
                                                  ^^@^^@^^@^^@^^@^^@^^@^^@^^...
A funny symbol that I can't read has just been input.
Continue, and I'll forget that it ever happened.

! Text line contains an invalid character.
l.1 ...@^^@^^@^^@^^@^^@^^@^^@^^@^^@^^@^^@^^@^^@^^@
                                                  ^^@^^@^^@^^@^^@^^@^^@^^@^^...
A funny symbol that I can't read has just been input.
Continue, and I'll forget that it ever happened.

! Text line contains an invalid character.
l.1 ...@^^@^^@^^@^^@^^@^^@^^@^^@^^@^^@^^@^^@^^@^^@
                                                  ^^@^^@^^@^^@^^@^^@^^@^^@^^...
A funny symbol that I can't read has just been input.
Continue, and I'll forget that it ever happened.

! Text line contains an invalid character.
l.1 ...@^^@^^@^^@^^@^^@^^@^^@^^@^^@^^@^^@^^@^^@^^@
                                                  ^^@^^@^^@^^@^^@^^@^^@^^@^^...
A funny symbol that I can't read has just been input.
Continue, and I'll forget that it ever happened.

! Text line contains an invalid character.
l.1 ...@^^@^^@^^@^^@^^@^^@^^@^^@^^@^^@^^@^^@^^@^^@
                                                  ^^@^^@^^@^^@^^@^^@^^@^^@^^...
A funny symbol that I can't read has just been input.
Continue, and I'll forget that it ever happened.

! Text line contains an invalid character.
l.1 ...@^^@^^@^^@^^@^^@^^@^^@^^@^^@^^@^^@^^@^^@^^@
                                                  ^^@^^@^^@^^@^^@^^@^^@^^@^^...
A funny symbol that I can't read has just been input.
Continue, and I'll forget that it ever happened.

! Text line contains an invalid character.
l.1 ...@^^@^^@^^@^^@^^@^^@^^@^^@^^@^^@^^@^^@^^@^^@
                                                  ^^@^^@^^@^^@^^@^^@^^@^^@^^...
A funny symbol that I can't read has just been input.
Continue, and I'll forget that it ever happened.

! Text line contains an invalid character.
l.1 ...@^^@^^@^^@^^@^^@^^@^^@^^@^^@^^@^^@^^@^^@^^@
                                                  ^^@^^@^^@^^@^^@^^@^^@^^@^^...
(That makes 100 errors; please try again.) 
Here is how much of TeX's memory you used:
 14600 strings out of 493013
 280455 string characters out of 6139317
 325108 words of memory out of 5000000
 17930 multiletter control sequences out of 15000+600000
 3940 words of font info for 15 fonts, out of 8000000 for 9000
 1141 hyphenation exceptions out of 8191
 55i,0n,54p,6278b,223s stack positions out of 5000i,500n,10000p,200000b,80000s

!  ==> Fatal error occurred, no output PDF file produced!
